<?xml version="1.0" encoding="UTF-8"?>
<!-- Generated by org.testng.reporters.JUnitXMLReporter -->
<testsuite hostname="DESKTOP-AQOISD1" ignored="54" name="ExtentWithParallelClasses" tests="55" failures="0" timestamp="28 Mar 2018 08:07:07 GMT" time="915.294" errors="0">
  <testcase name="LT_119_Pancake_Validation" time="8.821" classname="com.skava.testcases.LT_119_Pancake_Validation"/>
  <testcase name="LT_2484_RR_Homepage" time="13.743" classname="com.skava.testcases.LT_2484_RR_Homepage"/>
  <testcase name="LT_2513_RR_PDP" time="16.659" classname="com.skava.testcases.LT_2490_RR_PDP"/>
  <testcase name="LT_148_Footer_Section_Validation" time="10.224" classname="com.skava.testcases.LT_148_Footer_Section_Validation"/>
  <testcase name="LT_194_Promo_Link_Validation" time="26.78" classname="com.skava.testcases.LT_194_Promo_Link_Validation"/>
  <testcase name="LT_132_Search_Suggestion" time="22.789" classname="com.skava.testcases.LT_132_Search_Suggestion"/>
  <testcase name="LT_964_Search_to_PDP_Validation" time="17.949" classname="com.skava.testcases.LT_964_Search_to_PDP_Validation"/>
  <testcase name="LT_122_Cart_Validation" time="60.002" classname="com.skava.testcases.LT_122_Cart_Validation"/>
  <testcase name="LT_939_Search_Suggestion_Selection" time="35.062" classname="com.skava.testcases.LT_939_Search_Suggestion_Selection"/>
  <testcase name="LT_184_Brand_Landing_Page_Validation" time="14.275" classname="com.skava.testcases.LT_184_Brand_Landing_Page_Validation"/>
  <testcase name="LT_315_PLP_Product_Validation" time="16.296" classname="com.skava.testcases.LT_315_PLP_Product_Validation"/>
  <testcase name="LT_330_Back_To_Top_PLP_Validation" time="14.314" classname="com.skava.testcases.LT_330_Back_To_Top_PLP_Validation"/>
  <testcase name="LT_1015_Brand_Landing_Page_to_PLP_Validation" time="26.894" classname="com.skava.testcases.LT_1015_Brand_Landing_Page_to_PLP_Validation"/>
  <testcase name="LT_350_Sort_Validation" time="14.93" classname="com.skava.testcases.LT_350_Sort_Validation"/>
  <testcase name="LT_336_BreadCrumb_Validation" time="29.275" classname="com.skava.testcases.LT_336_BreadCrumb_Validation"/>
  <testcase name="LT_377_Sort_Select_One_Filter" time="15.311" classname="com.skava.testcases.LT_377_SortSelectOneFilter"/>
  <testcase name="LT_383_Sort_ApplyFilter" time="36.368" classname="com.skava.testcases.LT_383_Sort_ApplyFilter"/>
  <testcase name="LT_322_PLP_PDP_Nav_Validation" time="19.106" classname="com.skava.testcases.LT_322_PLP_PDP_Nav_Validation"/>
  <testcase name="LT_432_Product_Details_Validation" time="18.628" classname="com.skava.testcases.LT_432_Product_Details_Validation"/>
  <testcase name="LT_449_Add_To_Bag_Overlay_Validation" time="21.52" classname="com.skava.testcases.LT_449_Add_To_Bag_Overlay_Validation"/>
  <testcase name="LT_387_Sort_ClearAll" time="58.102" classname="com.skava.testcases.LT_387_SortClearAll"/>
  <testcase name="LT_171_Category_Validation" time="10.202" classname="com.skava.testcases.LT_171_Category_Validation"/>
  <testcase name="LT_172_Top_Category_Back_Button_Validation" time="8.355" classname="com.skava.testcases.LT_172_Top_Category_Back_Button_Validation"/>
  <testcase name="LT_173_Back_Button_Nav_Validation" time="9.762" classname="com.skava.testcases.LT_173_Back_Button_Nav_Validation"/>
  <testcase name="LT_454_ViewBag_Checkout_Cart_Validation" time="51.913" classname="com.skava.testcases.LT_454_ViewBag_Checkout_Cart_Validation"/>
  <testcase name="LT_1636_OrderHistory_Validation" time="30.73" classname="com.skava.testcases.LT_1636_OrderHistory_Validation"/>
  <testcase name="LT_1608_MyAccount" time="62.887" classname="com.skava.testcases.LT_1608_MyAccount"/>
  <testcase name="LT_1634_MyAccount_Validation" time="61.891" classname="com.skava.testcases.LT_1634_MyAccount_Validation"/>
  <testcase name="LT_1638_Shippingaddress_validation" time="31.222" classname="com.skava.testcases.LT_1638_Shippingaddress_validation"/>
  <testcase name="LT_1639_Billingaddress_Validation" time="30.983" classname="com.skava.testcases.LT_1639_Billingaddress_Validation"/>
  <testcase name="LT_1637_Accountsettings_Validation" time="58.633" classname="com.skava.testcases.LT_1637_Accountsettings_Validation"/>
  <testcase name="LT_1640_Payment_Validation" time="31.188" classname="com.skava.testcases.LT_1640_Payment_Validation"/>
  <testcase name="LT_425_PDP_Qty_Decrement" time="17.488" classname="com.skava.testcases.LT_425_PDP_Qty_Decrement"/>
  <testcase name="LT_424_PDP_Qty_Increment" time="30.654" classname="com.skava.testcases.LT_424_PDP_Qty_Increment"/>
  <testcase name="LT_464_Bag_Count_Check" time="20.99" classname="com.skava.testcases.LT_464_BagCount_Check"/>
  <testcase name="LT_752_ShoppingBag_Empty_Validation" time="33.054" classname="com.skava.testcases.LT_752_ShoppingBag_Empty_Validation"/>
  <testcase name="LT_755_Product_Details_Cart_Validation" time="49.814" classname="com.skava.testcases.LT_755_Product_Details_Cart_Validation"/>
  <testcase name="LT_773_Cart_Edit_Product_Validation" time="54.712" classname="com.skava.testcases.LT_773_Cart_Edit_Product_Validation"/>
  <testcase name="LT_775_Remove_Link_Validation" time="52.132" classname="com.skava.testcases.LT_775_Remove_Link_Validation"/>
  <testcase name="LT_766_Cart_Price_Check" time="135.936" classname="com.skava.testcases.LT_766_Cart_PriceCheck"/>
  <testcase name="LT_776_Product_Remove_Validation" time="52.579" classname="com.skava.testcases.LT_776_Product_Remove_Validation"/>
  <testcase name="LT_677_Cart_Checkout_SignIN_Validation" time="54.788" classname="com.skava.testcases.LT_677_Cart_Checkout_SignIN_Validation"/>
  <testcase name="LT_678_Cart_Checkout_PayPal_Validation" time="59.762" classname="com.skava.testcases.LT_678_Cart_Checkout_PayPal_Validation"/>
  <testcase name="LT_730_SaveForLaterValidation" time="83.085" classname="com.skava.testcases.LT_730_SaveForLaterValidation"/>
  <testcase name="LT_711_Cart_Price_and_Discount_Validation" time="59.687" classname="com.skava.testcases.LT_711_Cart_Price_and_Discount_Validation"/>
  <testcase name="LT_1030_Returning_Customer_GuestCheckout_Validation" time="57.028" classname="com.skava.testcases.LT_1030_Returning_Customer_GuestCheckout_Validation"/>
  <testcase name="LT_1028_Return_Customer_Page_from_Checkout_Validation" time="67.908" classname="com.skava.testcases.LT_1028_Return_Customer_Page_from_Checkout_Validation"/>
  <testcase name="LT_1040_Returning_Customer_Valid_SignIN_Validation" time="70.365" classname="com.skava.testcases.LT_1040_Returning_Customer_Valid_SignIN_Validation"/>
  <testcase name="LT_1044_Guest_Checkout_Validation" time="84.694" classname="com.skava.testcases.LT_1044_Guest_Checkout_Validation"/>
  <testcase name="LT_1053_Guest_Checkout_Ship" time="68.186" classname="com.skava.testcases.LT_1053_GuestCheckout_Shipping"/>
  <testcase name="LT_1083_Payment_Page_Guest_Validation" time="86.055" classname="com.skava.testcases.LT_1083_Payment_Page_Guest_Validation"/>
  <testcase name="LT_1081_GuestCheckout_Add_Shipping" time="95.132" classname="com.skava.testcases.LT_1081_GuestCheckout_AddShipping"/>
  <testcase name="LT_1176_Review_Order_PlaceOrder_Button_Validation" time="93.493" classname="com.skava.testcases.LT_1176_Review_Order_PlaceOrder_Button_Validation"/>
  <testcase name="LT_1235_GuestCheckout_Payment_FiledCheck" time="79.913" classname="com.skava.testcases.LT_1235_GuestCheckout_Payment_FiledCheck"/>
  <testcase name="LT_1236_GuestCheckout_Payment_FieldCheck" time="79.658" classname="com.skava.testcases.LT_1236_GuestCheckout_Payment_FieldCheck"/>
  <testcase name="@BeforeSuite beforeSuite" time="0.0" classname="com.framework.reporting.BaseClass">
    <ignored/>
  </testcase> <!-- @BeforeSuite beforeSuite -->
  <testcase name="@BeforeSuite beforeSuite" time="0.0" classname="com.framework.reporting.BaseClass">
    <ignored/>
  </testcase> <!-- @BeforeSuite beforeSuite -->
  <testcase name="@BeforeSuite beforeSuite" time="0.0" classname="com.framework.reporting.BaseClass">
    <ignored/>
  </testcase> <!-- @BeforeSuite beforeSuite -->
  <testcase name="@BeforeSuite beforeSuite" time="0.0" classname="com.framework.reporting.BaseClass">
    <ignored/>
  </testcase> <!-- @BeforeSuite beforeSuite -->
  <testcase name="@BeforeSuite beforeSuite" time="0.0" classname="com.framework.reporting.BaseClass">
    <ignored/>
  </testcase> <!-- @BeforeSuite beforeSuite -->
  <testcase name="@BeforeSuite beforeSuite" time="0.0" classname="com.framework.reporting.BaseClass">
    <ignored/>
  </testcase> <!-- @BeforeSuite beforeSuite -->
  <testcase name="@BeforeSuite beforeSuite" time="0.0" classname="com.framework.reporting.BaseClass">
    <ignored/>
  </testcase> <!-- @BeforeSuite beforeSuite -->
  <testcase name="@BeforeSuite beforeSuite" time="0.0" classname="com.framework.reporting.BaseClass">
    <ignored/>
  </testcase> <!-- @BeforeSuite beforeSuite -->
  <testcase name="@BeforeSuite beforeSuite" time="0.0" classname="com.framework.reporting.BaseClass">
    <ignored/>
  </testcase> <!-- @BeforeSuite beforeSuite -->
  <testcase name="@BeforeSuite beforeSuite" time="0.0" classname="com.framework.reporting.BaseClass">
    <ignored/>
  </testcase> <!-- @BeforeSuite beforeSuite -->
  <testcase name="@BeforeSuite beforeSuite" time="0.0" classname="com.framework.reporting.BaseClass">
    <ignored/>
  </testcase> <!-- @BeforeSuite beforeSuite -->
  <testcase name="@BeforeSuite beforeSuite" time="0.0" classname="com.framework.reporting.BaseClass">
    <ignored/>
  </testcase> <!-- @BeforeSuite beforeSuite -->
  <testcase name="@BeforeSuite beforeSuite" time="0.0" classname="com.framework.reporting.BaseClass">
    <ignored/>
  </testcase> <!-- @BeforeSuite beforeSuite -->
  <testcase name="@BeforeSuite beforeSuite" time="0.0" classname="com.framework.reporting.BaseClass">
    <ignored/>
  </testcase> <!-- @BeforeSuite beforeSuite -->
  <testcase name="@BeforeSuite beforeSuite" time="0.0" classname="com.framework.reporting.BaseClass">
    <ignored/>
  </testcase> <!-- @BeforeSuite beforeSuite -->
  <testcase name="@BeforeSuite beforeSuite" time="0.0" classname="com.framework.reporting.BaseClass">
    <ignored/>
  </testcase> <!-- @BeforeSuite beforeSuite -->
  <testcase name="@BeforeSuite beforeSuite" time="0.0" classname="com.framework.reporting.BaseClass">
    <ignored/>
  </testcase> <!-- @BeforeSuite beforeSuite -->
  <testcase name="@BeforeSuite beforeSuite" time="0.0" classname="com.framework.reporting.BaseClass">
    <ignored/>
  </testcase> <!-- @BeforeSuite beforeSuite -->
  <testcase name="@BeforeSuite beforeSuite" time="0.0" classname="com.framework.reporting.BaseClass">
    <ignored/>
  </testcase> <!-- @BeforeSuite beforeSuite -->
  <testcase name="@BeforeSuite beforeSuite" time="0.0" classname="com.framework.reporting.BaseClass">
    <ignored/>
  </testcase> <!-- @BeforeSuite beforeSuite -->
  <testcase name="@BeforeSuite beforeSuite" time="0.0" classname="com.framework.reporting.BaseClass">
    <ignored/>
  </testcase> <!-- @BeforeSuite beforeSuite -->
  <testcase name="@BeforeSuite beforeSuite" time="0.0" classname="com.framework.reporting.BaseClass">
    <ignored/>
  </testcase> <!-- @BeforeSuite beforeSuite -->
  <testcase name="@BeforeSuite beforeSuite" time="0.0" classname="com.framework.reporting.BaseClass">
    <ignored/>
  </testcase> <!-- @BeforeSuite beforeSuite -->
  <testcase name="@BeforeSuite beforeSuite" time="0.0" classname="com.framework.reporting.BaseClass">
    <ignored/>
  </testcase> <!-- @BeforeSuite beforeSuite -->
  <testcase name="@BeforeSuite beforeSuite" time="0.0" classname="com.framework.reporting.BaseClass">
    <ignored/>
  </testcase> <!-- @BeforeSuite beforeSuite -->
  <testcase name="@BeforeSuite beforeSuite" time="0.0" classname="com.framework.reporting.BaseClass">
    <ignored/>
  </testcase> <!-- @BeforeSuite beforeSuite -->
  <testcase name="@BeforeSuite beforeSuite" time="0.0" classname="com.framework.reporting.BaseClass">
    <ignored/>
  </testcase> <!-- @BeforeSuite beforeSuite -->
  <testcase name="@BeforeSuite beforeSuite" time="0.0" classname="com.framework.reporting.BaseClass">
    <ignored/>
  </testcase> <!-- @BeforeSuite beforeSuite -->
  <testcase name="@BeforeSuite beforeSuite" time="0.0" classname="com.framework.reporting.BaseClass">
    <ignored/>
  </testcase> <!-- @BeforeSuite beforeSuite -->
  <testcase name="@BeforeSuite beforeSuite" time="0.0" classname="com.framework.reporting.BaseClass">
    <ignored/>
  </testcase> <!-- @BeforeSuite beforeSuite -->
  <testcase name="@BeforeSuite beforeSuite" time="0.0" classname="com.framework.reporting.BaseClass">
    <ignored/>
  </testcase> <!-- @BeforeSuite beforeSuite -->
  <testcase name="@BeforeSuite beforeSuite" time="0.0" classname="com.framework.reporting.BaseClass">
    <ignored/>
  </testcase> <!-- @BeforeSuite beforeSuite -->
  <testcase name="@BeforeSuite beforeSuite" time="0.0" classname="com.framework.reporting.BaseClass">
    <ignored/>
  </testcase> <!-- @BeforeSuite beforeSuite -->
  <testcase name="@BeforeSuite beforeSuite" time="0.0" classname="com.framework.reporting.BaseClass">
    <ignored/>
  </testcase> <!-- @BeforeSuite beforeSuite -->
  <testcase name="@BeforeSuite beforeSuite" time="0.0" classname="com.framework.reporting.BaseClass">
    <ignored/>
  </testcase> <!-- @BeforeSuite beforeSuite -->
  <testcase name="@BeforeSuite beforeSuite" time="0.0" classname="com.framework.reporting.BaseClass">
    <ignored/>
  </testcase> <!-- @BeforeSuite beforeSuite -->
  <testcase name="@BeforeSuite beforeSuite" time="0.0" classname="com.framework.reporting.BaseClass">
    <ignored/>
  </testcase> <!-- @BeforeSuite beforeSuite -->
  <testcase name="@BeforeSuite beforeSuite" time="0.0" classname="com.framework.reporting.BaseClass">
    <ignored/>
  </testcase> <!-- @BeforeSuite beforeSuite -->
  <testcase name="@BeforeSuite beforeSuite" time="0.0" classname="com.framework.reporting.BaseClass">
    <ignored/>
  </testcase> <!-- @BeforeSuite beforeSuite -->
  <testcase name="@BeforeSuite beforeSuite" time="0.0" classname="com.framework.reporting.BaseClass">
    <ignored/>
  </testcase> <!-- @BeforeSuite beforeSuite -->
  <testcase name="@BeforeSuite beforeSuite" time="0.0" classname="com.framework.reporting.BaseClass">
    <ignored/>
  </testcase> <!-- @BeforeSuite beforeSuite -->
  <testcase name="@BeforeSuite beforeSuite" time="0.0" classname="com.framework.reporting.BaseClass">
    <ignored/>
  </testcase> <!-- @BeforeSuite beforeSuite -->
  <testcase name="@BeforeSuite beforeSuite" time="0.0" classname="com.framework.reporting.BaseClass">
    <ignored/>
  </testcase> <!-- @BeforeSuite beforeSuite -->
  <testcase name="@BeforeSuite beforeSuite" time="0.0" classname="com.framework.reporting.BaseClass">
    <ignored/>
  </testcase> <!-- @BeforeSuite beforeSuite -->
  <testcase name="@BeforeSuite beforeSuite" time="0.0" classname="com.framework.reporting.BaseClass">
    <ignored/>
  </testcase> <!-- @BeforeSuite beforeSuite -->
  <testcase name="@BeforeSuite beforeSuite" time="0.0" classname="com.framework.reporting.BaseClass">
    <ignored/>
  </testcase> <!-- @BeforeSuite beforeSuite -->
  <testcase name="@BeforeSuite beforeSuite" time="0.0" classname="com.framework.reporting.BaseClass">
    <ignored/>
  </testcase> <!-- @BeforeSuite beforeSuite -->
  <testcase name="@BeforeSuite beforeSuite" time="0.0" classname="com.framework.reporting.BaseClass">
    <ignored/>
  </testcase> <!-- @BeforeSuite beforeSuite -->
  <testcase name="@BeforeSuite beforeSuite" time="0.0" classname="com.framework.reporting.BaseClass">
    <ignored/>
  </testcase> <!-- @BeforeSuite beforeSuite -->
  <testcase name="@BeforeSuite beforeSuite" time="0.0" classname="com.framework.reporting.BaseClass">
    <ignored/>
  </testcase> <!-- @BeforeSuite beforeSuite -->
  <testcase name="@BeforeSuite beforeSuite" time="0.0" classname="com.framework.reporting.BaseClass">
    <ignored/>
  </testcase> <!-- @BeforeSuite beforeSuite -->
  <testcase name="@BeforeSuite beforeSuite" time="0.0" classname="com.framework.reporting.BaseClass">
    <ignored/>
  </testcase> <!-- @BeforeSuite beforeSuite -->
  <testcase name="@BeforeSuite beforeSuite" time="0.0" classname="com.framework.reporting.BaseClass">
    <ignored/>
  </testcase> <!-- @BeforeSuite beforeSuite -->
  <testcase name="@BeforeSuite beforeSuite" time="0.0" classname="com.framework.reporting.BaseClass">
    <ignored/>
  </testcase> <!-- @BeforeSuite beforeSuite -->
</testsuite> <!-- ExtentWithParallelClasses -->
